2026-01-02 18:57:23 [KASJER] Kasa otwarta. Obsługa zgodnie z nowym regulaminem wiekowym.
2026-01-02 18:57:23 [KASJER] ID 14061 (Dorosły, 66 lat). Dzieci: 0 -> Trasa 2
2026-01-02 18:57:23 [KASJER] ID 14062 (Młodzież (samodzielny), 16 lat). Dzieci: 0 -> Trasa 2
2026-01-02 18:57:24 [KASJER] ID 14063 (Dorosły, 39 lat). Dzieci: 0 -> Trasa 1
2026-01-02 18:57:24 [KASJER] ID 14064 (Dorosły, 68 lat). Dzieci: 0 -> Trasa 1
2026-01-02 18:57:24 [KASJER] ID 14065 (Dorosły, 78 lat). Dzieci: 3 -> Trasa 2
2026-01-02 18:57:25 [KASJER] ID 14069 (Dorosły, 64 lat). Dzieci: 0 -> Trasa 2
2026-01-02 18:57:25 [KASJER] ID 14070 (Dorosły, 39 lat). Dzieci: 0 -> Trasa 1
2026-01-02 18:57:25 [KASJER] ID 14071 (Dorosły, 72 lat). Dzieci: 0 -> Trasa 2
2026-01-02 18:57:26 [KASJER] ID 14072 (Dorosły, 76 lat). Dzieci: 0 -> Trasa 2
2026-01-02 18:57:26 [KASJER] ID 14073 (Dorosły, 39 lat). Dzieci: 0 -> Trasa 1
2026-01-02 18:57:26 [KASJER] ID 14074 (Młodzież (samodzielny), 12 lat). Dzieci: 0 -> Trasa 2
2026-01-02 18:57:26 [KASJER] ID 14075 (Dorosły, 63 lat). Dzieci: 0 -> Trasa 1
2026-01-02 18:57:27 [KASJER] ID 14076 (Dorosły, 29 lat). Dzieci: 0 -> Trasa 2
2026-01-02 18:57:27 [KASJER] ID 14077 (Dorosły, 62 lat). Dzieci: 0 -> Trasa 2
2026-01-02 18:57:27 [KASJER] ID 14078 (Dorosły, 41 lat). Dzieci: 0 -> Trasa 1
2026-01-02 18:57:28 [KASJER] ID 14079 (Dorosły, 74 lat). Dzieci: 0 -> Trasa 2
2026-01-02 18:57:28 [KASJER] ID 14080 (Dorosły, 37 lat). Dzieci: 0 -> Trasa 1
2026-01-02 18:57:28 Kasjer sie skonczyl
2026-01-02 18:57:28 Zwiedzajacy sie skonczyl
2026-01-02 18:57:28 __LOGGER_STOP__
